Kortax bribed a gate sentry at Thu Apr 15 12:23:31 1999.
Kortax bribed a gate sentry at Thu Apr 15 15:31:08 1999.
Lyserge bribed a gate sentry at Thu Apr 15 16:34:04 1999.
Dolomite bribed a gate sentry at Thu Apr 15 19:56:27 1999.
Dolomite bribed a gate sentry at Thu Apr 15 19:56:33 1999.
Dolomite bribed a gate sentry at Thu Apr 15 19:56:39 1999.
Kortax bribed a gate sentry at Fri Apr 16 09:09:47 1999.
Kortax bribed a gate sentry at Fri Apr 16 09:11:19 1999.
Ariak bribed a gate sentry at Fri Apr 16 18:23:30 1999.
Dolomite bribed a gate sentry at Fri Apr 16 22:27:33 1999.
Dolomite bribed a gate sentry at Sat Apr 17 12:01:03 1999.
Ariak bribed a gate sentry at Sat Apr 17 16:40:07 1999.
Ariak bribed a gate sentry at Sat Apr 17 17:03:10 1999.
Dulcinea bribed a gate sentry at Sun Apr 18 07:13:16 1999.
Dulcinea bribed a gate sentry at Sun Apr 18 07:13:56 1999.
Ariak bribed a gate sentry at Sun Apr 18 11:00:06 1999.
Dolomite bribed a gate sentry at Sun Apr 18 14:56:14 1999.
Dolomite bribed a gate sentry at Sun Apr 18 19:06:37 1999.
Dolomite bribed a gate sentry at Sun Apr 18 23:44:56 1999.
Kortax bribed a gate sentry at Mon Apr 19 13:01:52 1999.
Dolomite bribed a gate sentry at Mon Apr 19 17:58:54 1999.
Dolomite bribed a gate sentry at Mon Apr 19 21:38:42 1999.
Dulcinea bribed a gate sentry at Tue Apr 20 02:24:07 1999.
Dulcinea bribed a gate sentry at Tue Apr 20 02:24:17 1999.
Dulcinea bribed a gate sentry at Tue Apr 20 02:24:49 1999.
Ariak bribed a gate sentry at Tue Apr 20 11:21:51 1999.
Dulcinea bribed a gate sentry at Tue Apr 20 11:37:07 1999.
Kortax bribed a gate sentry at Tue Apr 20 11:45:26 1999.
Dulcinea bribed a gate sentry at Tue Apr 20 15:25:11 1999.
Dulcinea bribed a gate sentry at Tue Apr 20 15:25:21 1999.
Ariak bribed a gate sentry at Tue Apr 20 20:48:30 1999.
Dolomite bribed a gate sentry at Wed Apr 21 13:57:36 1999.
Dulcinea bribed a gate sentry at Wed Apr 21 18:13:14 1999.
Skap bribed a gate sentry at Wed Apr 21 18:13:18 1999.
Dulcinea bribed a gate sentry at Wed Apr 21 18:13:24 1999.
Skap bribed a gate sentry at Wed Apr 21 18:13:50 1999.
Dulcinea bribed a gate sentry at Wed Apr 21 18:57:29 1999.
Lao bribed a gate sentry at Wed Apr 21 22:45:31 1999.
Dulcinea bribed a gate sentry at Wed Apr 21 23:26:22 1999.
Dulcinea bribed a gate sentry at Thu Apr 22 00:11:57 1999.
Dulcinea bribed a gate sentry at Thu Apr 22 02:57:58 1999.
Ulath bribed a gate sentry at Thu Apr 22 12:52:44 1999.
Ulath bribed a gate sentry at Thu Apr 22 12:52:58 1999.
Ulath bribed a gate sentry at Thu Apr 22 13:07:58 1999.
Skap bribed a gate sentry at Thu Apr 22 20:55:02 1999.
Skap bribed a gate sentry at Thu Apr 22 20:55:41 1999.
Dulcinea bribed a gate sentry at Thu Apr 22 21:05:27 1999.
Dulcinea bribed a gate sentry at Fri Apr 23 02:23:43 1999.
Dulcinea bribed a gate sentry at Fri Apr 23 05:33:52 1999.
Dulcinea bribed a gate sentry at Fri Apr 23 06:07:51 1999.
Dulcinea bribed a gate sentry at Fri Apr 23 06:33:24 1999.
Jasmine bribed a gate sentry at Fri Apr 23 10:22:18 1999.
Jasmine bribed a gate sentry at Fri Apr 23 10:22:34 1999.
Jasmine bribed a gate sentry at Fri Apr 23 10:42:54 1999.
Skap bribed a gate sentry at Fri Apr 23 15:38:15 1999.
Dulcinea bribed a gate sentry at Fri Apr 23 18:55:04 1999.
Dulcinea bribed a gate sentry at Fri Apr 23 23:29:43 1999.
Dulcinea bribed a gate sentry at Fri Apr 23 23:52:22 1999.
Lao bribed a gate sentry at Sat Apr 24 00:17:24 1999.
Dulcinea bribed a gate sentry at Sat Apr 24 00:52:03 1999.
Dulcinea bribed a gate sentry at Sat Apr 24 03:51:42 1999.
Dulcinea bribed a gate sentry at Sat Apr 24 05:13:33 1999.
Canton bribed a gate sentry at Sat Apr 24 12:47:57 1999.
Canton bribed a gate sentry at Sat Apr 24 12:49:43 1999.
Canton bribed a gate sentry at Sat Apr 24 13:07:55 1999.
Canton bribed a gate sentry at Sat Apr 24 13:13:32 1999.
Canton bribed a gate sentry at Sat Apr 24 13:19:44 1999.
Canton bribed a gate sentry at Sat Apr 24 13:25:22 1999.
Canton bribed a gate sentry at Sat Apr 24 13:37:11 1999.
Canton bribed a gate sentry at Sat Apr 24 13:41:28 1999.
Canton bribed a gate sentry at Sat Apr 24 14:07:27 1999.
Canton bribed a gate sentry at Sat Apr 24 14:17:08 1999.
Lao bribed a gate sentry at Sat Apr 24 17:10:25 1999.
Divet bribed a gate sentry at Sat Apr 24 17:14:09 1999.
Dulcinea bribed a gate sentry at Sat Apr 24 17:21:56 1999.
Lao bribed a gate sentry at Sat Apr 24 22:46:36 1999.
Dolomite bribed a gate sentry at Sun Apr 25 11:22:10 1999.
Ulath bribed a gate sentry at Sun Apr 25 15:34:27 1999.
Ulath bribed a gate sentry at Sun Apr 25 15:38:27 1999.
Lyserge bribed a gate sentry at Sun Apr 25 20:34:37 1999.
Dolomite bribed a gate sentry at Sun Apr 25 21:14:30 1999.
Dulcinea bribed a gate sentry at Mon Apr 26 01:21:43 1999.
Kortax bribed a gate sentry at Mon Apr 26 18:11:21 1999.
Kortax bribed a gate sentry at Mon Apr 26 18:36:52 1999.
Kortax bribed a gate sentry at Mon Apr 26 19:08:41 1999.
Marthene bribed a gate sentry at Tue Apr 27 07:42:54 1999.
Marthene bribed a gate sentry at Tue Apr 27 07:54:00 1999.
Kortax bribed a gate sentry at Tue Apr 27 12:58:23 1999.
Kortax bribed a gate sentry at Tue Apr 27 13:23:05 1999.
Kortax bribed a gate sentry at Tue Apr 27 16:17:35 1999.
Kortax bribed a gate sentry at Tue Apr 27 17:29:17 1999.
Kortax bribed a gate sentry at Tue Apr 27 17:37:31 1999.
Kortax bribed a gate sentry at Tue Apr 27 17:52:37 1999.
Kortax bribed a gate sentry at Tue Apr 27 21:18:55 1999.
Kortax bribed a gate sentry at Tue Apr 27 21:34:38 1999.
Kortax bribed a gate sentry at Tue Apr 27 21:55:24 1999.
Kortax bribed a gate sentry at Wed Apr 28 10:55:28 1999.
Kortax bribed a gate sentry at Wed Apr 28 11:25:57 1999.
Kortax bribed a gate sentry at Wed Apr 28 11:36:26 1999.
Kortax bribed a gate sentry at Wed Apr 28 14:30:17 1999.
Dolomite bribed a gate sentry at Wed Apr 28 14:40:32 1999.
Kortax bribed a gate sentry at Wed Apr 28 19:09:28 1999.
Kortax bribed a gate sentry at Wed Apr 28 19:24:35 1999.
Kortax bribed a gate sentry at Wed Apr 28 20:09:46 1999.
Kortax bribed a gate sentry at Wed Apr 28 20:25:21 1999.
Kortax bribed a gate sentry at Wed Apr 28 20:33:36 1999.
Dolomite bribed a gate sentry at Wed Apr 28 23:42:57 1999.
Marthene bribed a gate sentry at Thu Apr 29 01:03:07 1999.
Marthene bribed a gate sentry at Thu Apr 29 08:17:17 1999.
Skap bribed a gate sentry at Thu Apr 29 09:07:31 1999.
Leitbur bribed a gate sentry at Thu Apr 29 12:40:41 1999.
Kortax bribed a gate sentry at Thu Apr 29 13:09:37 1999.
Kortax bribed a gate sentry at Thu Apr 29 13:47:54 1999.
Kortax bribed a gate sentry at Thu Apr 29 18:18:10 1999.
Kortax bribed a gate sentry at Thu Apr 29 18:21:03 1999.
Kortax bribed a gate sentry at Thu Apr 29 18:40:30 1999.
Kortax bribed a gate sentry at Fri Apr 30 12:05:16 1999.
Kortax bribed a gate sentry at Fri Apr 30 12:11:56 1999.
Skap bribed a gate sentry at Fri Apr 30 15:20:16 1999.
Kortax bribed a gate sentry at Fri Apr 30 15:30:23 1999.
Nebuchaudnezzar bribed a gate sentry at Fri Apr 30 16:01:27 1999.
Kortax bribed a gate sentry at Fri Apr 30 16:15:47 1999.
Kortax bribed a gate sentry at Fri Apr 30 19:51:33 1999.
Kortax bribed a gate sentry at Sat May  1 00:39:57 1999.
Kortax bribed a gate sentry at Sat May  1 00:52:27 1999.
Kortax bribed a gate sentry at Sat May  1 01:03:02 1999.
Kortax bribed a gate sentry at Sat May  1 14:04:27 1999.
Kortax bribed a gate sentry at Sat May  1 14:44:42 1999.
Kortax bribed a gate sentry at Sat May  1 15:02:53 1999.
Kortax bribed a gate sentry at Sat May  1 18:56:03 1999.
Kortax bribed a gate sentry at Sat May  1 19:00:51 1999.
Kortax bribed a gate sentry at Sat May  1 19:23:09 1999.
Kortax bribed a gate sentry at Sat May  1 19:34:38 1999.
Skap bribed a gate sentry at Sat May  1 22:45:01 1999.
Skap bribed a gate sentry at Sat May  1 23:30:57 1999.
Kortax bribed a gate sentry at Sun May  2 16:44:07 1999.
Kortax bribed a gate sentry at Sun May  2 17:29:23 1999.
Kortax bribed a gate sentry at Mon May  3 14:27:36 1999.
Dolomite bribed a gate sentry at Mon May  3 23:41:05 1999.
Dulcinea bribed a gate sentry at Tue May  4 04:31:36 1999.
Kortax bribed a gate sentry at Tue May  4 12:54:11 1999.
Ulath bribed a gate sentry at Tue May  4 13:28:07 1999.
Kortax bribed a gate sentry at Tue May  4 13:51:36 1999.
Kortax bribed a gate sentry at Tue May  4 14:16:29 1999.
Cyric bribed a gate sentry at Wed May  5 02:50:20 1999.
Kortax bribed a gate sentry at Wed May  5 10:56:05 1999.
Kortax bribed a gate sentry at Wed May  5 11:10:56 1999.
Kortax bribed a gate sentry at Wed May  5 11:20:22 1999.
Kortax bribed a gate sentry at Wed May  5 11:38:11 1999.
Ulath bribed a gate sentry at Thu May  6 06:15:55 1999.
Ulath bribed a gate sentry at Thu May  6 06:21:31 1999.
Ulath bribed a gate sentry at Thu May  6 06:24:55 1999.
Kortax bribed a gate sentry at Thu May  6 10:07:23 1999.
Kortax bribed a gate sentry at Thu May  6 10:22:05 1999.
Kortax bribed a gate sentry at Thu May  6 13:35:46 1999.
Dagoth bribed a gate sentry at Fri May  7 07:47:19 1999.
Kortax bribed a gate sentry at Fri May  7 07:56:09 1999.
Kortax bribed a gate sentry at Fri May  7 08:19:37 1999.
Kortax bribed a gate sentry at Fri May  7 17:12:19 1999.
Kortax bribed a gate sentry at Fri May  7 20:46:09 1999.
Kortax bribed a gate sentry at Fri May  7 21:01:21 1999.
Dagoth bribed a gate sentry at Sat May  8 10:06:06 1999.
Kortax bribed a gate sentry at Sat May  8 10:52:52 1999.
Kortax bribed a gate sentry at Sat May  8 14:44:06 1999.
Kortax bribed a gate sentry at Sat May  8 19:06:39 1999.
Kortax bribed a gate sentry at Sat May  8 19:36:15 1999.
Dolomite bribed a gate sentry at Sat May  8 23:34:08 1999.
Ulath bribed a gate sentry at Sun May  9 09:20:27 1999.
Kortax bribed a gate sentry at Sun May  9 13:46:28 1999.
Kortax bribed a gate sentry at Sun May  9 14:11:15 1999.
Ariak bribed a gate sentry at Sun May  9 18:45:57 1999.
Dulcinea bribed a gate sentry at Mon May 10 02:35:00 1999.
Ulath bribed a gate sentry at Mon May 10 10:56:33 1999.
Ulath bribed a gate sentry at Mon May 10 11:31:49 1999.
Ulath bribed a gate sentry at Mon May 10 11:38:59 1999.
Kortax bribed a gate sentry at Mon May 10 15:42:29 1999.
Dolomite bribed a gate sentry at Mon May 10 19:57:49 1999.
Kortax bribed a gate sentry at Mon May 10 21:22:03 1999.
Dagoth bribed a gate sentry at Tue May 11 00:21:10 1999.
Yama bribed a gate sentry at Tue May 11 04:46:07 1999.
Ulath bribed a gate sentry at Tue May 11 13:34:51 1999.
Ulath bribed a gate sentry at Tue May 11 13:39:41 1999.
Ulath bribed a gate sentry at Tue May 11 13:46:31 1999.
Ulath bribed a gate sentry at Tue May 11 13:52:02 1999.
Ulath bribed a gate sentry at Tue May 11 14:10:47 1999.
Ulath bribed a gate sentry at Tue May 11 14:17:03 1999.
Kortax bribed a gate sentry at Tue May 11 14:21:07 1999.
Kortax bribed a gate sentry at Tue May 11 14:33:11 1999.
Kortax bribed a gate sentry at Tue May 11 15:00:24 1999.
Dagoth bribed a gate sentry at Tue May 11 18:01:52 1999.
Dolomite bribed a gate sentry at Tue May 11 22:40:56 1999.
Ulath bribed a gate sentry at Wed May 12 08:06:52 1999.
Ulath bribed a gate sentry at Wed May 12 08:14:12 1999.
Ulath bribed a gate sentry at Wed May 12 08:24:28 1999.
Ulath bribed a gate sentry at Wed May 12 08:29:58 1999.
Yama bribed a gate sentry at Wed May 12 11:47:01 1999.
Kortax bribed a gate sentry at Wed May 12 11:47:17 1999.
Kortax bribed a gate sentry at Wed May 12 17:57:12 1999.
Dolomite bribed a gate sentry at Wed May 12 20:41:17 1999.
Dolomite bribed a gate sentry at Wed May 12 21:32:26 1999.
Yama bribed a gate sentry at Thu May 13 06:16:34 1999.
Yama bribed a gate sentry at Thu May 13 10:01:24 1999.
Kortax bribed a gate sentry at Thu May 13 19:03:43 1999.
Yama bribed a gate sentry at Thu May 13 23:38:17 1999.
Yama bribed a gate sentry at Fri May 14 09:24:36 1999.
Dolomite bribed a gate sentry at Fri May 14 21:41:41 1999.
Lyserge bribed a gate sentry at Sun May 16 09:09:38 1999.
Dagoth bribed a gate sentry at Sun May 16 18:09:26 1999.
Dolomite bribed a gate sentry at Sun May 16 19:10:09 1999.
Vytek bribed a gate sentry at Mon May 17 02:56:19 1999.
Vytek bribed a gate sentry at Mon May 17 03:08:24 1999.
Vytek bribed a gate sentry at Mon May 17 03:11:18 1999.
Ulath bribed a gate sentry at Mon May 17 12:06:38 1999.
Yama bribed a gate sentry at Mon May 17 21:20:39 1999.
Marthene bribed a gate sentry at Wed May 19 09:21:57 1999.
Marthene bribed a gate sentry at Wed May 19 09:23:41 1999.
Yama bribed a gate sentry at Wed May 19 21:34:15 1999.
Yama bribed a gate sentry at Wed May 19 22:26:08 1999.
Vytek bribed a gate sentry at Thu May 20 02:31:41 1999.
Vytek bribed a gate sentry at Thu May 20 02:36:09 1999.
Vytek bribed a gate sentry at Thu May 20 20:22:14 1999.
Vytek bribed a gate sentry at Thu May 20 20:33:17 1999.
Vytek bribed a gate sentry at Thu May 20 20:33:53 1999.
Vytek bribed a gate sentry at Thu May 20 20:46:10 1999.
Vytek bribed a gate sentry at Thu May 20 21:09:27 1999.
Vytek bribed a gate sentry at Fri May 21 01:02:21 1999.
Vytek bribed a gate sentry at Fri May 21 01:04:37 1999.
Vytek bribed a gate sentry at Fri May 21 01:11:52 1999.
Vytek bribed a gate sentry at Fri May 21 01:17:10 1999.
Zalix bribed a gate sentry at Fri May 21 01:37:19 1999.
Kortax bribed a gate sentry at Fri May 21 09:51:48 1999.
Vytek bribed a gate sentry at Fri May 21 22:34:37 1999.
Kortax bribed a gate sentry at Sat May 22 11:47:08 1999.
Vytek bribed a gate sentry at Sat May 22 21:48:51 1999.
Yama bribed a gate sentry at Sun May 23 02:32:34 1999.
Vytek bribed a gate sentry at Mon May 24 03:55:59 1999.
Ulath bribed a gate sentry at Mon May 24 13:55:16 1999.
Ulath bribed a gate sentry at Mon May 24 13:55:22 1999.
Ulath bribed a gate sentry at Mon May 24 14:18:26 1999.
Ulath bribed a gate sentry at Mon May 24 14:18:32 1999.
Vytek bribed a gate sentry at Wed May 26 00:35:37 1999.
Ulath bribed a gate sentry at Mon May 31 13:44:38 1999.
Ulath bribed a gate sentry at Mon May 31 13:44:44 1999.
Ulath bribed a gate sentry at Mon May 31 14:18:56 1999.
Ulath bribed a gate sentry at Mon May 31 18:11:10 1999.
Ulath bribed a gate sentry at Mon May 31 18:11:18 1999.
Sauril bribed a gate sentry at Wed Jun  2 19:14:38 1999.
Tiny bribed a gate sentry at Thu Jan 16 05:55:25 2020.
Tiny bribed a gate sentry at Thu Jan 16 10:24:38 2020.
Tiny bribed a gate sentry at Sat Jan 18 15:54:45 2020.
Tiny bribed a gate sentry at Sat Jan 18 16:11:16 2020.
Tiny bribed a gate sentry at Sat Jan 18 16:11:31 2020.
Tiny bribed a gate sentry at Sat Jan 18 16:18:03 2020.
Tiny bribed a gate sentry at Wed Jan 22 00:10:26 2020.
Creg bribed a gate sentry at Fri Apr  3 00:32:00 2020.
Test bribed a gate sentry at Fri Apr  3 22:55:22 2020.
Test bribed a gate sentry at Sat Apr 11 00:23:30 2020.
Test bribed a gate sentry at Sat Apr 11 04:31:04 2020.
Janthos bribed a gate sentry at Sat Apr 11 16:54:36 2020.
Janthos bribed a gate sentry at Sat Apr 11 17:02:12 2020.
Janthos bribed a gate sentry at Sat Apr 11 17:14:11 2020.
Janthos bribed a gate sentry at Sat Apr 11 17:24:29 2020.
Zurr bribed a gate sentry at Sat Apr 11 18:22:54 2020.
Ai bribed a gate sentry at Sat Apr 11 18:23:13 2020.
Ai bribed a gate sentry at Sat Apr 11 18:23:28 2020.
Dalau bribed a gate sentry at Sun Apr 12 19:34:11 2020.
Dalau bribed a gate sentry at Sun Apr 12 19:34:29 2020.
Dalau bribed a gate sentry at Sun Apr 12 19:40:57 2020.
Dalau bribed a gate sentry at Sun Apr 12 19:41:02 2020.
Dalau bribed a gate sentry at Sun Apr 12 20:37:34 2020.
Dalau bribed a gate sentry at Sun Apr 12 20:41:16 2020.
Test bribed a gate sentry at Sun Apr 12 23:59:48 2020.
Kairon bribed a gate sentry at Mon Apr 13 15:21:47 2020.
Test bribed a gate sentry at Mon Apr 13 17:42:05 2020.
Tlny bribed a gate sentry at Sat May  2 03:08:12 2020.
Janthos bribed a gate sentry at Thu May  7 20:56:43 2020.
Tlny bribed a gate sentry at Wed May 27 23:58:11 2020.
Hellbringer bribed a gate sentry at Mon Jun  1 20:34:35 2020.
Hellbringer bribed a gate sentry at Mon Jun  1 23:56:52 2020.
Marne bribed a gate sentry at Tue Jun  2 13:28:43 2020.
Marne bribed a gate sentry at Tue Jun  2 13:29:46 2020.
Hellbringer bribed a gate sentry at Tue Jun  2 14:07:31 2020.
Hellbringer bribed a gate sentry at Tue Jun  2 14:21:38 2020.
Hellbringer bribed a gate sentry at Tue Jun  2 22:17:59 2020.
Hellbringer bribed a gate sentry at Tue Jun  2 23:11:06 2020.
Hellbringer bribed a gate sentry at Thu Jun  4 19:02:04 2020.
Marne bribed a gate sentry at Fri Jun  5 13:27:23 2020.
Marne bribed a gate sentry at Fri Jun  5 13:30:12 2020.
Hellbringer bribed a gate sentry at Fri Jun  5 13:31:53 2020.
Rihcter bribed a gate sentry at Fri Jun  5 17:09:45 2020.
Rihcter bribed a gate sentry at Fri Jun  5 17:18:55 2020.
Rihcter bribed a gate sentry at Fri Jun  5 17:19:10 2020.
Marne bribed a gate sentry at Sat Jun  6 02:11:39 2020.
Rihcter bribed a gate sentry at Sat Jun  6 16:21:45 2020.
Rihcter bribed a gate sentry at Sat Jun  6 16:23:06 2020.
Argon bribed a gate sentry at Tue Jun  9 11:25:14 2020.
Argon bribed a gate sentry at Tue Jun  9 11:25:44 2020.
Argon bribed a gate sentry at Tue Jun  9 23:30:31 2020.
Argon bribed a gate sentry at Wed Jun 10 03:40:50 2020.
Argon bribed a gate sentry at Wed Jun 10 08:06:20 2020.
Rihcter bribed a gate sentry at Wed Jun 10 17:00:39 2020.
Marne bribed a gate sentry at Wed Jun 10 22:35:23 2020.
Marne bribed a gate sentry at Wed Jun 10 22:37:43 2020.
Argon bribed a gate sentry at Thu Jun 11 02:36:25 2020.
Rihcter bribed a gate sentry at Fri Jun 12 14:16:58 2020.
Rihcter bribed a gate sentry at Fri Jun 12 14:18:16 2020.
Marne bribed a gate sentry at Fri Jun 12 19:12:28 2020.
Marne bribed a gate sentry at Fri Jun 12 19:13:56 2020.
Julian bribed a gate sentry at Sat Jun 13 03:37:54 2020.
Julian bribed a gate sentry at Sat Jun 13 03:44:44 2020.
Rihcter bribed a gate sentry at Sat Jun 13 12:20:49 2020.
Rihcter bribed a gate sentry at Sat Jun 13 12:23:11 2020.
Elof bribed a gate sentry at Sat Jun 13 16:01:22 2020.
Elof bribed a gate sentry at Sat Jun 13 16:01:53 2020.
Elof bribed a gate sentry at Sat Jun 13 16:04:31 2020.
Elof bribed a gate sentry at Sat Jun 13 16:06:57 2020.
Someone bribed a gate sentry at Sat Jun 13 16:16:18 2020.
Elof bribed a gate sentry at Sat Jun 13 17:11:52 2020.
Elof bribed a gate sentry at Sat Jun 13 17:14:41 2020.
Elof bribed a gate sentry at Sat Jun 13 17:26:58 2020.
Elof bribed a gate sentry at Sat Jun 13 17:30:09 2020.
Elof bribed a gate sentry at Sat Jun 13 21:19:31 2020.
Elof bribed a gate sentry at Sat Jun 13 21:23:02 2020.
Elof bribed a gate sentry at Sat Jun 13 21:31:06 2020.
Elof bribed a gate sentry at Sun Jun 14 01:33:02 2020.
Elof bribed a gate sentry at Sun Jun 14 01:33:18 2020.
Rihcter bribed a gate sentry at Sun Jun 14 20:18:38 2020.
Elof bribed a gate sentry at Tue Jun 16 15:56:05 2020.
Julian bribed a gate sentry at Fri Jun 19 05:40:27 2020.
Julian bribed a gate sentry at Fri Jun 19 06:56:02 2020.
Julian bribed a gate sentry at Fri Jun 19 06:59:05 2020.
Julian bribed a gate sentry at Fri Jun 19 09:42:40 2020.
Julian bribed a gate sentry at Sat Jun 20 08:12:17 2020.
Julian bribed a gate sentry at Sat Jun 20 08:35:59 2020.
Julian bribed a gate sentry at Sat Jun 20 09:13:45 2020.
Julian bribed a gate sentry at Sat Jun 20 09:28:37 2020.
Julian bribed a gate sentry at Sat Jun 20 12:29:23 2020.
Marne bribed a gate sentry at Sat Jun 20 16:48:11 2020.
Julian bribed a gate sentry at Sat Jun 20 21:23:51 2020.
Julian bribed a gate sentry at Sun Jun 21 02:04:44 2020.
Julian bribed a gate sentry at Sun Jun 21 02:22:34 2020.
Julian bribed a gate sentry at Sun Jun 21 02:50:03 2020.
Julian bribed a gate sentry at Sun Jun 21 03:15:24 2020.
Julian bribed a gate sentry at Sun Jun 21 03:20:46 2020.
Julian bribed a gate sentry at Sun Jun 21 07:16:54 2020.
Julian bribed a gate sentry at Sun Jun 21 10:44:56 2020.
Julian bribed a gate sentry at Sun Jun 21 10:59:03 2020.
Julian bribed a gate sentry at Sun Jun 21 11:10:49 2020.
Julian bribed a gate sentry at Sun Jun 21 11:22:23 2020.
Julian bribed a gate sentry at Sun Jun 21 11:35:47 2020.
Julian bribed a gate sentry at Sun Jun 21 11:59:08 2020.
Julian bribed a gate sentry at Sun Jun 21 12:18:30 2020.
Julian bribed a gate sentry at Sun Jun 21 21:15:39 2020.
Julian bribed a gate sentry at Sun Jun 21 21:57:50 2020.
Julian bribed a gate sentry at Sun Jun 21 23:40:35 2020.
Julian bribed a gate sentry at Sun Jun 21 23:53:41 2020.
Julian bribed a gate sentry at Mon Jun 22 00:37:56 2020.
Julian bribed a gate sentry at Mon Jun 22 01:22:12 2020.
Elof bribed a gate sentry at Mon Jun 22 18:46:34 2020.
Elof bribed a gate sentry at Mon Jun 22 18:48:20 2020.
Dalau bribed a gate sentry at Wed Jun 24 01:16:57 2020.
Dalau bribed a gate sentry at Wed Jun 24 01:17:05 2020.
Rihcter bribed a gate sentry at Wed Jun 24 14:24:01 2020.
Rihcter bribed a gate sentry at Wed Jun 24 14:27:48 2020.
Dalau bribed a gate sentry at Wed Jun 24 18:59:49 2020.
Dalau bribed a gate sentry at Wed Jun 24 20:14:04 2020.
Dalau bribed a gate sentry at Wed Jun 24 20:20:28 2020.
Dalau bribed a gate sentry at Wed Jun 24 21:05:26 2020.
Dalau bribed a gate sentry at Wed Jun 24 21:08:03 2020.
Julian bribed a gate sentry at Sat Jun 27 01:11:53 2020.
Marne bribed a gate sentry at Sat Jun 27 13:28:24 2020.
Marne bribed a gate sentry at Sat Jun 27 13:30:33 2020.
Tlny bribed a gate sentry at Sat Jun 27 18:41:39 2020.
Elena bribed a gate sentry at Sun Jun 28 08:27:12 2020.
Elena bribed a gate sentry at Sun Jun 28 11:33:45 2020.
Ruck bribed a gate sentry at Mon Jun 29 01:04:17 2020.
Upstart bribed a gate sentry at Mon Jun 29 01:04:30 2020.
Ruck bribed a gate sentry at Mon Jun 29 01:49:10 2020.
Upstart bribed a gate sentry at Mon Jun 29 02:08:28 2020.
Upstart bribed a gate sentry at Mon Jun 29 02:09:38 2020.
Upstart bribed a gate sentry at Mon Jun 29 02:18:21 2020.
Upstart bribed a gate sentry at Mon Jun 29 02:21:43 2020.
Upstart bribed a gate sentry at Mon Jun 29 02:22:21 2020.
Upstart bribed a gate sentry at Mon Jun 29 02:22:55 2020.
Upstart bribed a gate sentry at Mon Jun 29 02:23:13 2020.
Upstart bribed a gate sentry at Mon Jun 29 02:23:32 2020.
Upstart bribed a gate sentry at Mon Jun 29 02:24:14 2020.
Upstart bribed a gate sentry at Mon Jun 29 02:25:06 2020.
Upstart bribed a gate sentry at Mon Jun 29 02:25:49 2020.
Upstart bribed a gate sentry at Mon Jun 29 02:26:33 2020.
Upstart bribed a gate sentry at Mon Jun 29 02:26:55 2020.
Rihcter bribed a gate sentry at Mon Jun 29 05:15:01 2020.
Upstart bribed a gate sentry at Mon Jun 29 15:51:34 2020.
Upstart bribed a gate sentry at Mon Jun 29 19:27:11 2020.
Upstart bribed a gate sentry at Mon Jun 29 19:58:34 2020.
Rihcter bribed a gate sentry at Tue Jun 30 04:06:29 2020.
Someone bribed a gate sentry at Tue Jun 30 16:43:25 2020.
Tlny bribed a gate sentry at Tue Jun 30 22:05:41 2020.
Tlny bribed a gate sentry at Tue Jun 30 22:05:54 2020.
Rihcter bribed a gate sentry at Wed Jul  1 19:52:20 2020.
Tlny bribed a gate sentry at Wed Jul  1 20:43:52 2020.
Ruck bribed a gate sentry at Thu Jul  2 18:19:12 2020.
Ruck bribed a gate sentry at Thu Jul  2 18:21:08 2020.
Upstart bribed a gate sentry at Thu Jul  2 18:21:19 2020.
Ruck bribed a gate sentry at Thu Jul  2 18:22:07 2020.
Ruck bribed a gate sentry at Thu Jul  2 18:30:48 2020.
Ruck bribed a gate sentry at Thu Jul  2 18:35:06 2020.
Julian bribed a gate sentry at Sun Jul  5 22:47:31 2020.
Someone bribed a gate sentry at Mon Jul  6 07:11:19 2020.
Julian bribed a gate sentry at Tue Jul  7 08:57:02 2020.
Julian bribed a gate sentry at Thu Jul  9 05:17:07 2020.
Julian bribed a gate sentry at Thu Jul  9 05:59:26 2020.
Marne bribed a gate sentry at Thu Jul  9 19:56:00 2020.
Marne bribed a gate sentry at Thu Jul  9 19:57:31 2020.
Julian bribed a gate sentry at Thu Jul  9 19:59:12 2020.
Julian bribed a gate sentry at Fri Jul 10 04:04:38 2020.
Zurr bribed a gate sentry at Sat Jul 11 06:45:45 2020.
Julian bribed a gate sentry at Sun Jul 12 04:43:30 2020.
Rihcter bribed a gate sentry at Sun Jul 12 14:21:50 2020.
Rihcter bribed a gate sentry at Mon Jul 13 16:48:44 2020.
Upstart bribed a gate sentry at Mon Jul 13 16:55:26 2020.
Upstart bribed a gate sentry at Mon Jul 13 16:57:37 2020.
Julian bribed a gate sentry at Tue Jul 14 01:44:20 2020.
Julian bribed a gate sentry at Thu Jul 16 10:58:19 2020.
Rihcter bribed a gate sentry at Thu Jul 16 15:03:32 2020.
Rihcter bribed a gate sentry at Fri Jul 17 13:20:25 2020.
Rihcter bribed a gate sentry at Fri Jul 17 13:22:23 2020.
Julian bribed a gate sentry at Sun Jul 19 01:54:45 2020.
Julian bribed a gate sentry at Mon Jul 20 08:26:49 2020.
Julian bribed a gate sentry at Tue Jul 21 03:58:26 2020.
Rihcter bribed a gate sentry at Thu Jul 23 20:38:01 2020.
Julian bribed a gate sentry at Fri Jul 24 01:51:18 2020.
Ruck bribed a gate sentry at Fri Jul 24 14:31:08 2020.
Ruck bribed a gate sentry at Fri Jul 24 14:42:03 2020.
Upstart bribed a gate sentry at Sat Jul 25 00:29:55 2020.
Upstart bribed a gate sentry at Sat Jul 25 00:35:20 2020.
Julian bribed a gate sentry at Sat Jul 25 04:17:41 2020.
Rihcter bribed a gate sentry at Sun Jul 26 12:10:54 2020.
Ruck bribed a gate sentry at Sun Jul 26 16:13:25 2020.
Ruck bribed a gate sentry at Mon Jul 27 00:25:21 2020.
Upstart bribed a gate sentry at Mon Jul 27 23:42:56 2020.
Upstart bribed a gate sentry at Mon Jul 27 23:48:45 2020.
Julian bribed a gate sentry at Tue Jul 28 21:05:31 2020.
Julian bribed a gate sentry at Tue Jul 28 21:06:09 2020.
Rihcter bribed a gate sentry at Wed Jul 29 19:07:40 2020.
Rihcter bribed a gate sentry at Wed Jul 29 19:36:34 2020.
Rihcter bribed a gate sentry at Thu Jul 30 18:29:54 2020.
Rihcter bribed a gate sentry at Thu Jul 30 18:31:47 2020.
Rihcter bribed a gate sentry at Thu Jul 30 21:53:16 2020.
Julian bribed a gate sentry at Fri Jul 31 01:54:32 2020.
Julian bribed a gate sentry at Fri Jul 31 02:48:46 2020.
Julian bribed a gate sentry at Fri Jul 31 07:50:41 2020.
Rihcter bribed a gate sentry at Fri Jul 31 11:07:20 2020.
Rihcter bribed a gate sentry at Sat Aug  1 00:22:53 2020.
Rihcter bribed a gate sentry at Sat Aug  1 00:28:10 2020.
Rihcter bribed a gate sentry at Sat Aug  1 04:35:37 2020.
Rihcter bribed a gate sentry at Sat Aug  1 04:57:16 2020.
Rihcter bribed a gate sentry at Sat Aug  1 13:48:34 2020.
Rihcter bribed a gate sentry at Sat Aug  1 18:14:35 2020.
Rihcter bribed a gate sentry at Sun Aug  2 03:14:13 2020.
Rihcter bribed a gate sentry at Sun Aug  2 12:40:35 2020.
Rihcter bribed a gate sentry at Mon Aug  3 10:51:16 2020.
Rihcter bribed a gate sentry at Mon Aug  3 18:43:41 2020.
Rihcter bribed a gate sentry at Mon Aug  3 19:36:56 2020.
Rihcter bribed a gate sentry at Mon Aug  3 19:37:07 2020.
Rihcter bribed a gate sentry at Mon Aug  3 20:13:47 2020.
Julian bribed a gate sentry at Mon Aug  3 23:21:20 2020.
Rihcter bribed a gate sentry at Tue Aug  4 00:10:37 2020.
Rihcter bribed a gate sentry at Wed Aug  5 20:41:56 2020.
Rihcter bribed a gate sentry at Thu Aug  6 23:23:43 2020.
Rihcter bribed a gate sentry at Fri Aug  7 16:14:37 2020.
Rihcter bribed a gate sentry at Fri Aug  7 17:06:28 2020.
Rihcter bribed a gate sentry at Sun Aug  9 12:28:10 2020.
Julian bribed a gate sentry at Tue Aug 18 09:55:50 2020.
Julian bribed a gate sentry at Fri Aug 21 00:29:13 2020.
Someone bribed a gate sentry at Tue Aug 25 02:17:34 2020.
Julian bribed a gate sentry at Fri Aug 28 23:07:55 2020.
Someone bribed a gate sentry at Mon Sep  7 02:14:35 2020.
Julian bribed a gate sentry at Sat Sep 19 02:42:46 2020.
Marne bribed a gate sentry at Wed Sep 23 12:24:02 2020.
Julian bribed a gate sentry at Tue Sep 29 11:23:04 2020.
Julian bribed a gate sentry at Thu Oct 15 13:20:07 2020.
Julian bribed a gate sentry at Thu Oct 15 13:20:17 2020.
Lu bribed a gate sentry at Tue Oct 20 22:19:29 2020.
Julian bribed a gate sentry at Fri Oct 30 01:04:52 2020.
Julian bribed a gate sentry at Thu Dec 17 22:46:46 2020.
Marne bribed a gate sentry at Tue Mar 23 12:02:58 2021.
Rihcter bribed a gate sentry at Fri May 21 22:47:48 2021.
Julian bribed a gate sentry at Tue May 25 19:29:33 2021.
Exash bribed a gate sentry at Thu Aug 19 08:01:41 2021.
Exashnecro bribed a gate sentry at Thu Aug 19 08:15:23 2021.
Yasmine bribed a gate sentry at Thu Nov 25 03:18:04 2021.
Yasmine bribed a gate sentry at Thu Nov 25 17:27:08 2021.
Yasmine bribed a gate sentry at Mon Nov 29 13:45:37 2021.
Rihcter bribed a gate sentry at Mon Aug  8 23:36:54 2022.
Singe bribed a gate sentry at Mon Aug 15 21:40:39 2022.
Druss bribed a gate sentry at Sat Aug 20 19:43:08 2022.
Azazel bribed a gate sentry at Thu Sep  1 21:37:52 2022.
Mythicos bribed a gate sentry at Sat Sep  3 06:01:35 2022.
Mythicos bribed a gate sentry at Sat Sep  3 06:02:01 2022.
Mythicos bribed a gate sentry at Sat Sep  3 06:02:38 2022.
Azazel bribed a gate sentry at Sat Sep  3 07:08:33 2022.
Azazel bribed a gate sentry at Sat Sep  3 07:22:08 2022.
Azazel bribed a gate sentry at Sat Sep  3 22:12:28 2022.
Azazel bribed a gate sentry at Sun Sep  4 20:35:16 2022.
Azazel bribed a gate sentry at Thu Sep  8 04:58:35 2022.
Azazel bribed a gate sentry at Sat Sep 17 23:00:38 2022.
Azazel bribed a gate sentry at Tue Sep 27 15:06:15 2022.
Azazel bribed a gate sentry at Tue Sep 27 15:08:04 2022.
Azazel bribed a gate sentry at Sun Oct  2 18:48:31 2022.
Azazel bribed a gate sentry at Sun Oct  2 18:50:35 2022.
Dalinar bribed a gate sentry at Sun Oct  2 23:01:31 2022.
Dalinar bribed a gate sentry at Sun Oct  2 23:03:24 2022.
Dalinar bribed a gate sentry at Sun Oct  2 23:04:27 2022.
Dalinar bribed a gate sentry at Sun Oct  2 23:04:56 2022.
Dalinar bribed a gate sentry at Sun Oct  2 23:05:12 2022.
Singe bribed a gate sentry at Sat Oct  8 15:27:54 2022.
Creg bribed a gate sentry at Sun Oct  9 01:46:19 2022.
Creg bribed a gate sentry at Sun Oct  9 01:46:43 2022.
Creg bribed a gate sentry at Sun Oct  9 01:46:55 2022.
Creg bribed a gate sentry at Sun Oct  9 01:48:53 2022.
Creg bribed a gate sentry at Sun Oct  9 01:56:05 2022.
Tlny bribed a gate sentry at Sun Oct  9 19:44:59 2022.
Nazhk bribed a gate sentry at Wed Oct 12 01:34:08 2022.
Flagg bribed a gate sentry at Wed Oct 12 02:03:52 2022.
Azazel bribed a gate sentry at Wed Oct 12 05:43:05 2022.
Loralis bribed a gate sentry at Wed Oct 12 05:50:44 2022.
Loralis bribed a gate sentry at Wed Oct 12 05:51:41 2022.
Azazel bribed a gate sentry at Wed Oct 12 06:09:03 2022.
Azazel bribed a gate sentry at Wed Oct 12 06:09:48 2022.
Azazel bribed a gate sentry at Wed Oct 12 06:23:06 2022.
Azazel bribed a gate sentry at Wed Oct 12 06:24:27 2022.
Azazel bribed a gate sentry at Wed Oct 12 06:41:01 2022.
Azazel bribed a gate sentry at Wed Oct 12 06:42:03 2022.
Azazel bribed a gate sentry at Wed Oct 12 15:37:05 2022.
Azazel bribed a gate sentry at Wed Oct 12 15:38:01 2022.
Azazel bribed a gate sentry at Wed Oct 12 15:53:05 2022.
Azazel bribed a gate sentry at Wed Oct 12 15:54:06 2022.
Singe bribed a gate sentry at Wed Oct 12 17:24:03 2022.
Singe bribed a gate sentry at Wed Oct 12 17:26:42 2022.
Singe bribed a gate sentry at Wed Oct 12 17:26:52 2022.
Singe bribed a gate sentry at Wed Oct 12 17:27:09 2022.
Kythaela bribed a gate sentry at Wed Oct 12 17:39:00 2022.
Azazel bribed a gate sentry at Wed Oct 12 23:04:49 2022.
Azazel bribed a gate sentry at Wed Oct 12 23:10:44 2022.
Azazel bribed a gate sentry at Thu Oct 13 03:41:24 2022.
Azazel bribed a gate sentry at Thu Oct 13 03:42:39 2022.
Azazel bribed a gate sentry at Thu Oct 13 04:05:23 2022.
Azazel bribed a gate sentry at Thu Oct 13 04:06:14 2022.
Azazel bribed a gate sentry at Thu Oct 13 04:06:26 2022.
Azazel bribed a gate sentry at Thu Oct 13 04:24:45 2022.
Azazel bribed a gate sentry at Thu Oct 13 04:27:38 2022.
Azazel bribed a gate sentry at Thu Oct 13 04:48:48 2022.
Azazel bribed a gate sentry at Thu Oct 13 04:49:37 2022.
Azazel bribed a gate sentry at Thu Oct 13 05:09:30 2022.
Azazel bribed a gate sentry at Thu Oct 13 05:10:20 2022.
Kythaela bribed a gate sentry at Thu Oct 13 15:04:54 2022.
Azazel bribed a gate sentry at Thu Oct 13 18:12:36 2022.
Azazel bribed a gate sentry at Thu Oct 13 18:14:49 2022.
Azazel bribed a gate sentry at Thu Oct 13 21:22:01 2022.
Azazel bribed a gate sentry at Thu Oct 13 21:23:28 2022.
Kythaela bribed a gate sentry at Thu Oct 13 21:47:17 2022.
Kythaela bribed a gate sentry at Thu Oct 13 21:47:25 2022.
Azazel bribed a gate sentry at Thu Oct 13 22:46:52 2022.
Azazel bribed a gate sentry at Thu Oct 13 22:48:35 2022.
Nazhk bribed a gate sentry at Fri Oct 14 02:39:04 2022.
Nazhk bribed a gate sentry at Fri Oct 14 02:39:42 2022.
Nazhk bribed a gate sentry at Fri Oct 14 02:40:01 2022.
Nazhk bribed a gate sentry at Fri Oct 14 02:40:09 2022.
Nazhk bribed a gate sentry at Fri Oct 14 02:40:30 2022.
Kythaela bribed a gate sentry at Fri Oct 14 02:47:41 2022.
Kythaela bribed a gate sentry at Fri Oct 14 02:47:51 2022.
Kythaela bribed a gate sentry at Fri Oct 14 19:31:40 2022.
Kythaela bribed a gate sentry at Fri Oct 14 19:31:46 2022.
Kythaela bribed a gate sentry at Fri Oct 14 19:51:01 2022.
Kythaela bribed a gate sentry at Fri Oct 14 19:51:16 2022.
Kythaela bribed a gate sentry at Fri Oct 14 19:52:06 2022.
Arythella bribed a gate sentry at Fri Oct 14 20:34:56 2022.
Arythella bribed a gate sentry at Fri Oct 14 20:35:03 2022.
Arythella bribed a gate sentry at Fri Oct 14 20:40:23 2022.
Arythella bribed a gate sentry at Fri Oct 14 20:40:30 2022.
Arythella bribed a gate sentry at Fri Oct 14 20:40:41 2022.
Arythella bribed a gate sentry at Sat Oct 15 00:09:14 2022.
Arythella bribed a gate sentry at Sat Oct 15 00:09:21 2022.
Azazel bribed a gate sentry at Sat Oct 15 00:57:19 2022.
Azazel bribed a gate sentry at Sat Oct 15 00:58:21 2022.
Kythaela bribed a gate sentry at Sat Oct 15 09:29:31 2022.
Kythaela bribed a gate sentry at Sat Oct 15 09:29:40 2022.
Singe bribed a gate sentry at Sun Oct 16 00:05:05 2022.
Kythaela bribed a gate sentry at Mon Oct 17 02:59:32 2022.
Kyzeer bribed a gate sentry at Thu Oct 20 22:44:26 2022.
Kyzeer bribed a gate sentry at Sat Oct 22 18:58:20 2022.
Kyzeer bribed a gate sentry at Sat Oct 22 18:58:28 2022.
Kyzeer bribed a gate sentry at Sat Oct 22 19:02:48 2022.
Kyzeer bribed a gate sentry at Sat Oct 22 19:03:24 2022.
Kyzeer bribed a gate sentry at Sat Oct 22 19:08:32 2022.
Azazel bribed a gate sentry at Sat Oct 22 19:38:50 2022.
Creg bribed a gate sentry at Sun Oct 23 18:10:46 2022.
Creg bribed a gate sentry at Sun Oct 23 21:28:41 2022.
Azazel bribed a gate sentry at Mon Oct 24 01:43:02 2022.
Rihcter bribed a gate sentry at Mon Oct 24 19:49:54 2022.
Someone bribed a gate sentry at Tue Oct 25 00:09:51 2022.
Creg bribed a gate sentry at Tue Oct 25 01:31:50 2022.
Someone bribed a gate sentry at Tue Oct 25 23:10:03 2022.
Creg bribed a gate sentry at Thu Oct 27 02:08:59 2022.
Lilund bribed a gate sentry at Thu Oct 27 02:19:37 2022.
Azazel bribed a gate sentry at Thu Oct 27 23:03:41 2022.
Azazel bribed a gate sentry at Thu Oct 27 23:04:59 2022.
Ruck bribed a gate sentry at Thu Oct 27 23:30:39 2022.
Creg bribed a gate sentry at Fri Oct 28 03:53:51 2022.
Creg bribed a gate sentry at Fri Oct 28 16:48:48 2022.
Creg bribed a gate sentry at Sat Oct 29 02:09:11 2022.
Marne bribed a gate sentry at Sat Oct 29 12:50:45 2022.
Marne bribed a gate sentry at Sat Oct 29 13:38:36 2022.
Creg bribed a gate sentry at Sat Oct 29 16:44:35 2022.
Creg bribed a gate sentry at Sun Oct 30 18:03:13 2022.
Creg bribed a gate sentry at Mon Oct 31 03:08:31 2022.
Creg bribed a gate sentry at Mon Oct 31 16:04:51 2022.
Azazel bribed a gate sentry at Tue Nov  1 05:34:49 2022.
Creg bribed a gate sentry at Wed Nov  2 13:15:05 2022.
Azazel bribed a gate sentry at Wed Nov  2 21:43:54 2022.
Azazel bribed a gate sentry at Thu Nov  3 20:07:01 2022.
Azazel bribed a gate sentry at Thu Nov  3 20:08:08 2022.
Azazel bribed a gate sentry at Thu Nov  3 21:07:36 2022.
Azazel bribed a gate sentry at Thu Nov  3 21:10:01 2022.
Azazel bribed a gate sentry at Fri Nov  4 22:22:14 2022.
Azazel bribed a gate sentry at Fri Nov  4 22:24:26 2022.
Azazel bribed a gate sentry at Fri Nov  4 23:47:33 2022.
Azazel bribed a gate sentry at Fri Nov  4 23:48:25 2022.
Arcadia bribed a gate sentry at Sat Nov  5 02:53:03 2022.
Arcadia bribed a gate sentry at Sat Nov  5 02:54:01 2022.
Arcadia bribed a gate sentry at Sat Nov  5 02:56:10 2022.
Arcadia bribed a gate sentry at Sat Nov  5 02:56:42 2022.
Arcadia bribed a gate sentry at Sat Nov  5 03:05:16 2022.
Arcadia bribed a gate sentry at Sat Nov  5 03:05:52 2022.
Arcadia bribed a gate sentry at Sat Nov  5 03:08:33 2022.
Arcadia bribed a gate sentry at Sat Nov  5 03:19:40 2022.
Arcadia bribed a gate sentry at Sat Nov  5 03:23:48 2022.
Arcadia bribed a gate sentry at Sat Nov  5 03:53:05 2022.
Arcadia bribed a gate sentry at Sat Nov  5 03:56:47 2022.
Arcadia bribed a gate sentry at Sat Nov  5 03:57:16 2022.
Arcadia bribed a gate sentry at Sat Nov  5 07:50:29 2022.
Arcadia bribed a gate sentry at Sat Nov  5 07:51:46 2022.
Arcadia bribed a gate sentry at Sat Nov  5 07:52:12 2022.
Azazel bribed a gate sentry at Sat Nov  5 16:11:01 2022.
Azazel bribed a gate sentry at Sat Nov  5 16:11:11 2022.
Azazel bribed a gate sentry at Sat Nov  5 16:11:42 2022.
Azazel bribed a gate sentry at Sat Nov  5 17:08:43 2022.
Azazel bribed a gate sentry at Sat Nov  5 17:09:11 2022.
Azazel bribed a gate sentry at Mon Nov  7 03:37:55 2022.
Azazel bribed a gate sentry at Mon Nov  7 03:38:23 2022.
Kigus bribed a gate sentry at Mon Nov  7 22:32:45 2022.
Kigus bribed a gate sentry at Mon Nov  7 22:35:47 2022.
Azazel bribed a gate sentry at Tue Nov  8 02:13:24 2022.
Azazel bribed a gate sentry at Tue Nov  8 02:14:20 2022.
Azazel bribed a gate sentry at Tue Nov  8 23:56:43 2022.
Azazel bribed a gate sentry at Tue Nov  8 23:57:11 2022.
Azazel bribed a gate sentry at Wed Nov  9 22:47:28 2022.
Azazel bribed a gate sentry at Wed Nov  9 22:48:03 2022.
Azazel bribed a gate sentry at Thu Nov 10 07:03:25 2022.
Azazel bribed a gate sentry at Thu Nov 10 07:04:03 2022.
Someone bribed a gate sentry at Thu Nov 10 21:04:34 2022.
Someone bribed a gate sentry at Thu Nov 10 21:12:32 2022.
Azazel bribed a gate sentry at Thu Nov 10 22:01:54 2022.
Someone bribed a gate sentry at Fri Nov 11 06:23:09 2022.
Azazel bribed a gate sentry at Fri Nov 11 06:31:09 2022.
Rihcter bribed a gate sentry at Fri Nov 11 14:16:47 2022.
Someone bribed a gate sentry at Fri Nov 11 23:16:18 2022.
Azazel bribed a gate sentry at Fri Nov 11 23:25:48 2022.
Someone bribed a gate sentry at Sat Nov 12 00:41:21 2022.
Azazel bribed a gate sentry at Sat Nov 12 00:45:51 2022.
Someone bribed a gate sentry at Sat Nov 12 09:18:45 2022.
Ofukayu bribed a gate sentry at Sat Nov 12 21:20:34 2022.
Ofukayu bribed a gate sentry at Sat Nov 12 21:25:17 2022.
Azazel bribed a gate sentry at Sun Nov 13 16:15:33 2022.
Azazel bribed a gate sentry at Sun Nov 13 16:17:13 2022.
Azazel bribed a gate sentry at Wed Nov 16 20:07:40 2022.
Azazel bribed a gate sentry at Wed Nov 16 20:09:35 2022.
Azazel bribed a gate sentry at Wed Nov 16 23:35:48 2022.
Azazel bribed a gate sentry at Wed Nov 16 23:37:20 2022.
Ruck bribed a gate sentry at Thu Nov 17 21:40:42 2022.
Azazel bribed a gate sentry at Sun Nov 20 20:37:13 2022.
Azazel bribed a gate sentry at Sun Nov 20 20:39:04 2022.
Azazel bribed a gate sentry at Sun Nov 27 18:08:37 2022.
Azazel bribed a gate sentry at Sun Nov 27 18:09:56 2022.
Azazel bribed a gate sentry at Mon Nov 28 02:06:46 2022.
Azazel bribed a gate sentry at Mon Nov 28 02:07:33 2022.
Azazel bribed a gate sentry at Mon Nov 28 02:07:46 2022.
Azazel bribed a gate sentry at Thu Dec  1 23:25:53 2022.
Azazel bribed a gate sentry at Thu Dec  1 23:27:38 2022.
Azazel bribed a gate sentry at Fri Dec  2 05:09:08 2022.
Azazel bribed a gate sentry at Fri Dec  2 05:10:13 2022.
Azazel bribed a gate sentry at Mon Dec  5 07:04:26 2022.
Azazel bribed a gate sentry at Mon Dec  5 07:05:50 2022.
Azazel bribed a gate sentry at Tue Dec  6 01:48:39 2022.
Azazel bribed a gate sentry at Tue Dec  6 01:56:21 2022.
Lilund bribed a gate sentry at Thu Dec 15 03:47:02 2022.
Lilund bribed a gate sentry at Thu Dec 15 03:48:58 2022.
Lilund bribed a gate sentry at Fri Dec 16 19:36:15 2022.
Lilund bribed a gate sentry at Fri Dec 16 19:38:46 2022.
Lilund bribed a gate sentry at Sat Dec 17 03:36:27 2022.
Lilund bribed a gate sentry at Sat Dec 17 03:39:08 2022.
Azazel bribed a gate sentry at Sat Dec 17 03:45:49 2022.
Azazel bribed a gate sentry at Sat Dec 17 03:45:58 2022.
Azazel bribed a gate sentry at Sat Dec 17 03:46:55 2022.
Mythicos bribed a gate sentry at Sat Dec 17 04:36:29 2022.
Lilund bribed a gate sentry at Sat Dec 17 22:30:34 2022.
Mythicos bribed a gate sentry at Mon Dec 19 00:58:16 2022.
Mythicos bribed a gate sentry at Mon Dec 19 00:59:54 2022.
Mythicos bribed a gate sentry at Mon Dec 19 01:25:23 2022.
Mythicos bribed a gate sentry at Mon Dec 19 04:23:17 2022.
Mythicos bribed a gate sentry at Mon Dec 19 04:51:18 2022.
Mythicos bribed a gate sentry at Mon Dec 19 04:51:18 2022.
Mythicos bribed a gate sentry at Mon Dec 19 22:50:39 2022.
Mythicos bribed a gate sentry at Tue Dec 20 04:05:19 2022.
Lilund bribed a gate sentry at Tue Dec 20 04:06:30 2022.
Lilund bribed a gate sentry at Tue Dec 20 07:20:17 2022.
Lilund bribed a gate sentry at Tue Dec 20 07:23:42 2022.
Mythicos bribed a gate sentry at Wed Dec 21 18:47:13 2022.
Lilund bribed a gate sentry at Thu Dec 22 03:45:46 2022.
Lilund bribed a gate sentry at Thu Dec 22 03:48:13 2022.
Mythicos bribed a gate sentry at Thu Dec 22 04:34:32 2022.
Mythicos bribed a gate sentry at Thu Dec 22 13:16:26 2022.
Mythicos bribed a gate sentry at Sun Dec 25 04:03:31 2022.
Mythicos bribed a gate sentry at Sun Dec 25 04:03:31 2022.
Azazel bribed a gate sentry at Mon Dec 26 15:12:52 2022.
Azazel bribed a gate sentry at Mon Dec 26 15:13:33 2022.
Azazel bribed a gate sentry at Mon Dec 26 15:31:56 2022.
Azazel bribed a gate sentry at Mon Dec 26 15:32:14 2022.
Azazel bribed a gate sentry at Mon Dec 26 23:08:51 2022.
Azazel bribed a gate sentry at Mon Dec 26 23:09:14 2022.
Azazel bribed a gate sentry at Mon Dec 26 23:35:28 2022.
Azazel bribed a gate sentry at Mon Dec 26 23:50:23 2022.
Azazel bribed a gate sentry at Tue Dec 27 04:30:35 2022.
Azazel bribed a gate sentry at Tue Dec 27 04:31:04 2022.
Azazel bribed a gate sentry at Tue Dec 27 04:52:28 2022.
Azazel bribed a gate sentry at Tue Dec 27 04:52:44 2022.
Azazel bribed a gate sentry at Tue Dec 27 05:02:21 2022.
Azazel bribed a gate sentry at Tue Dec 27 05:04:00 2022.
Azazel bribed a gate sentry at Tue Dec 27 05:06:30 2022.
Azazel bribed a gate sentry at Tue Dec 27 05:06:52 2022.
Azazel bribed a gate sentry at Tue Dec 27 05:12:44 2022.
Mythicos bribed a gate sentry at Tue Dec 27 16:51:29 2022.
Azazel bribed a gate sentry at Tue Dec 27 17:18:52 2022.
Azazel bribed a gate sentry at Tue Dec 27 17:19:27 2022.
Azazel bribed a gate sentry at Tue Dec 27 17:36:02 2022.
Azazel bribed a gate sentry at Tue Dec 27 17:36:42 2022.
Azazel bribed a gate sentry at Tue Dec 27 18:01:48 2022.
Azazel bribed a gate sentry at Tue Dec 27 18:02:38 2022.
Azazel bribed a gate sentry at Tue Dec 27 21:13:35 2022.
Azazel bribed a gate sentry at Tue Dec 27 21:13:57 2022.
Azazel bribed a gate sentry at Tue Dec 27 21:21:49 2022.
Azazel bribed a gate sentry at Tue Dec 27 21:22:16 2022.
Azazel bribed a gate sentry at Tue Dec 27 21:29:52 2022.
Azazel bribed a gate sentry at Tue Dec 27 21:30:12 2022.
Azazel bribed a gate sentry at Tue Dec 27 21:37:50 2022.
Azazel bribed a gate sentry at Tue Dec 27 21:38:08 2022.
Azazel bribed a gate sentry at Tue Dec 27 21:43:03 2022.
Azazel bribed a gate sentry at Tue Dec 27 21:43:20 2022.
Azazel bribed a gate sentry at Tue Dec 27 21:56:07 2022.
Azazel bribed a gate sentry at Tue Dec 27 21:56:46 2022.
Azazel bribed a gate sentry at Tue Dec 27 22:02:06 2022.
Azazel bribed a gate sentry at Tue Dec 27 22:02:25 2022.
Azazel bribed a gate sentry at Tue Dec 27 22:07:50 2022.
Azazel bribed a gate sentry at Tue Dec 27 22:08:07 2022.
Azazel bribed a gate sentry at Tue Dec 27 22:16:46 2022.
Azazel bribed a gate sentry at Tue Dec 27 22:17:11 2022.
Azazel bribed a gate sentry at Tue Dec 27 22:21:49 2022.
Azazel bribed a gate sentry at Tue Dec 27 22:22:08 2022.
Azazel bribed a gate sentry at Tue Dec 27 22:27:59 2022.
Azazel bribed a gate sentry at Tue Dec 27 22:28:15 2022.
Azazel bribed a gate sentry at Tue Dec 27 22:33:08 2022.
Azazel bribed a gate sentry at Tue Dec 27 22:33:27 2022.
Azazel bribed a gate sentry at Tue Dec 27 22:38:19 2022.
Azazel bribed a gate sentry at Tue Dec 27 22:38:37 2022.
Azazel bribed a gate sentry at Tue Dec 27 22:51:28 2022.
Azazel bribed a gate sentry at Tue Dec 27 22:51:45 2022.
Azazel bribed a gate sentry at Tue Dec 27 22:56:35 2022.
Azazel bribed a gate sentry at Tue Dec 27 22:56:55 2022.
Azazel bribed a gate sentry at Wed Dec 28 01:41:32 2022.
Azazel bribed a gate sentry at Wed Dec 28 01:41:51 2022.
Azazel bribed a gate sentry at Wed Dec 28 01:46:57 2022.
Azazel bribed a gate sentry at Wed Dec 28 01:47:20 2022.
Azazel bribed a gate sentry at Wed Dec 28 01:59:10 2022.
Azazel bribed a gate sentry at Wed Dec 28 01:59:31 2022.
Azazel bribed a gate sentry at Wed Dec 28 02:08:03 2022.
Azazel bribed a gate sentry at Wed Dec 28 02:08:29 2022.
Azazel bribed a gate sentry at Wed Dec 28 02:12:32 2022.
Azazel bribed a gate sentry at Wed Dec 28 02:12:47 2022.
Azazel bribed a gate sentry at Wed Dec 28 02:23:54 2022.
Azazel bribed a gate sentry at Wed Dec 28 02:24:12 2022.
Azazel bribed a gate sentry at Wed Dec 28 02:29:15 2022.
Azazel bribed a gate sentry at Wed Dec 28 02:29:36 2022.
Azazel bribed a gate sentry at Wed Dec 28 02:34:52 2022.
Azazel bribed a gate sentry at Wed Dec 28 02:35:35 2022.
Azazel bribed a gate sentry at Wed Dec 28 02:48:06 2022.
Azazel bribed a gate sentry at Wed Dec 28 02:48:29 2022.
Azazel bribed a gate sentry at Wed Dec 28 06:11:02 2022.
Azazel bribed a gate sentry at Wed Dec 28 06:11:26 2022.
Azazel bribed a gate sentry at Wed Dec 28 06:15:04 2022.
Azazel bribed a gate sentry at Wed Dec 28 06:15:24 2022.
Azazel bribed a gate sentry at Wed Dec 28 06:22:09 2022.
Azazel bribed a gate sentry at Wed Dec 28 06:22:27 2022.
Azazel bribed a gate sentry at Wed Dec 28 06:34:43 2022.
Azazel bribed a gate sentry at Wed Dec 28 06:35:16 2022.
Azazel bribed a gate sentry at Wed Dec 28 06:42:35 2022.
Azazel bribed a gate sentry at Wed Dec 28 06:43:07 2022.
Azazel bribed a gate sentry at Wed Dec 28 06:43:39 2022.
Azazel bribed a gate sentry at Wed Dec 28 19:37:54 2022.
Azazel bribed a gate sentry at Wed Dec 28 19:38:19 2022.
Mythicos bribed a gate sentry at Wed Dec 28 23:55:23 2022.
Mythicos bribed a gate sentry at Fri Dec 30 17:35:54 2022.
Mythicos bribed a gate sentry at Sun Jan  1 03:33:41 2023.
Mythicos bribed a gate sentry at Sun Jan  1 04:20:21 2023.
Mythicos bribed a gate sentry at Mon Jan  2 06:53:19 2023.
Mythicos bribed a gate sentry at Tue Jan  3 00:38:45 2023.
Mythicos bribed a gate sentry at Tue Jan  3 01:08:55 2023.
Someone bribed a gate sentry at Tue Jan  3 04:55:35 2023.
Mythicos bribed a gate sentry at Tue Jan  3 05:07:03 2023.
Mythicos bribed a gate sentry at Tue Jan  3 05:25:24 2023.
Mythicos bribed a gate sentry at Tue Jan  3 05:47:48 2023.
Mythicos bribed a gate sentry at Tue Jan  3 06:06:31 2023.
Mythicos bribed a gate sentry at Tue Jan  3 17:47:54 2023.
Mythicos bribed a gate sentry at Tue Jan  3 18:06:12 2023.
Mythicos bribed a gate sentry at Wed Jan  4 07:16:13 2023.
Lilund bribed a gate sentry at Wed Jan  4 13:08:42 2023.
Lilund bribed a gate sentry at Wed Jan  4 13:11:19 2023.
Lilund bribed a gate sentry at Thu Jan  5 01:11:44 2023.
Celthric bribed a gate sentry at Tue Jul 23 21:23:50 2024.
Celthric bribed a gate sentry at Tue Jul 23 21:26:29 2024.
Ceinna bribed a gate sentry at Wed Jul 31 18:45:59 2024.
Telperion bribed a gate sentry at Thu Aug 22 14:07:43 2024.
Telperion bribed a gate sentry at Thu Aug 22 14:14:50 2024.
Someone bribed a gate sentry at Wed Dec 18 19:27:14 2024.
Torm bribed a gate sentry at Mon Dec 23 01:02:08 2024.
Torm bribed a gate sentry at Mon Dec 23 04:38:44 2024.
Torm bribed a gate sentry at Mon Dec 23 19:24:58 2024.
