carazz (non-guest) entered at Tue Jan 25 11:21:56 2000 (open)
carazz (non-guest) entered at Wed Jan 26 17:30:54 2000 (open)
rylo (non-guest) entered at Wed Jan 26 17:31:14 2000 (open)
felice (guest) entered at Sat Apr  1 11:10:59 2000 (open)
azura (non-guest) entered at Sun Apr  2 14:57:09 2000 (open)
felice (guest) entered at Sun Apr  2 19:41:53 2000 (open)
thrace (guest) entered at Wed Apr  5 18:27:25 2000 (open)
traer (guest) entered at Thu Apr  6 18:12:38 2000 (open)
aladriel (guest) entered at Sat Apr  8 20:03:46 2000 (open)
helios (non-guest) entered at Sat Apr  8 21:09:59 2000 (open)
helios (non-guest) entered at Sat Apr  8 21:11:01 2000 (open)
helios (non-guest) entered at Sat Apr  8 21:16:50 2000 (open)
helios (non-guest) entered at Sat Apr  8 21:16:50 2000 (open)
helios (non-guest) entered at Sat Apr  8 21:17:26 2000 (open)
helios (non-guest) entered at Sat Apr  8 21:19:41 2000 (open)
helios (non-guest) entered at Sat Apr  8 21:21:13 2000 (open)
helios (non-guest) entered at Sat Apr  8 21:24:08 2000 (open)
helios (non-guest) entered at Sat Apr  8 21:24:08 2000 (open)
helios (non-guest) entered at Sat Apr  8 21:27:04 2000 (open)
helios (non-guest) entered at Sat Apr  8 21:27:04 2000 (open)
helios (non-guest) entered at Mon Apr 17 16:59:32 2000 (open)
traer (guest) entered at Thu May 18 19:49:20 2000 (open)
traer (guest) entered at Thu May 18 20:17:38 2000 (open)
traer (guest) entered at Thu May 18 20:17:51 2000 (open)
felice (guest) entered at Mon Jun  5 19:46:49 2000 (open)
felice (guest) entered at Mon Jun  5 21:50:03 2000 (open)
schroom (non-guest) entered at Wed Jun 14 13:08:18 2000 (open)
thrace (guest) entered at Wed Jul 19 10:41:58 2000 (open)
thrace (guest) entered at Wed Jul 19 11:06:14 2000 (open)
thrace (guest) entered at Wed Jul 19 11:11:39 2000 (open)
qu (non-guest) entered at Wed Jul 19 23:19:40 2000 (open)
carazz (non-guest) entered at Mon Jul 24 23:30:51 2000 (open)
tailwindi (non-guest) entered at Mon Aug 21 20:50:51 2000 (open)
zephlen (non-guest) entered at Sun Oct  1 21:08:55 2000 (open)
zephlen (non-guest) entered at Sun Oct  1 22:21:03 2000 (open)
zephlen (non-guest) entered at Mon Oct  2 00:21:24 2000 (open)
tritoch (non-guest) entered at Mon Oct 30 14:15:03 2000 (open)
felice (non-guest) entered at Tue Nov 28 21:13:12 2000 (open)
tritoch (non-guest) entered at Mon Dec 11 13:51:28 2000 (open)
thrace (guest) entered at Mon Dec 18 19:57:04 2000 (open)
thrace (guest) entered at Mon Dec 18 20:05:41 2000 (open)
thrace (guest) entered at Mon Dec 18 20:22:05 2000 (open)
glen (non-guest) entered at Mon Jan  1 23:40:19 2001 (open)
glen (non-guest) entered at Mon Jan  1 23:41:51 2001 (open)
glen (non-guest) entered at Sun Jan 14 13:35:18 2001 (open)
glen (non-guest) entered at Mon Jan 15 12:43:51 2001 (open)
aladriel (non-guest) entered at Tue Jan 23 23:15:25 2001 (open)
aladriel (non-guest) entered at Wed Jan 24 23:13:36 2001 (open)
aladriel (non-guest) entered at Sun Jan 28 21:46:51 2001 (open)
aladriel (non-guest) entered at Sun Jan 28 22:08:15 2001 (open)
glen (non-guest) entered at Tue Jan 30 19:07:01 2001 (open)
aladriel (non-guest) entered at Tue Jan 30 21:01:47 2001 (open)
nex (non-guest) entered at Tue Jan 30 21:05:14 2001 (open)
nex (non-guest) entered at Tue Jan 30 21:06:10 2001 (open)
carazz (non-guest) entered at Tue Jan 30 21:06:26 2001 (open)
carazz (non-guest) entered at Tue Jan 30 21:46:40 2001 (open)
aladriel (non-guest) entered at Tue Jan 30 22:26:38 2001 (open)
nex (non-guest) entered at Thu Feb  1 22:22:01 2001 (open)
carazz (non-guest) entered at Fri Feb  2 15:04:52 2001 (open)
thrace (guest) entered at Sun Feb  4 12:30:23 2001 (open)
aladriel (non-guest) entered at Mon Feb  5 15:43:10 2001 (open)
thrace (guest) entered at Mon Feb  5 15:43:46 2001 (open)
glen (non-guest) entered at Mon Feb 12 20:50:06 2001 (open)
tritoch (non-guest) entered at Tue Feb 20 19:14:49 2001 (open)
aladriel (non-guest) entered at Sun Feb 25 15:44:49 2001 (open)
aladriel (non-guest) entered at Sun Feb 25 16:40:39 2001 (open)
traer (guest) entered at Mon Feb 26 08:51:52 2001 (open)
gangrun (non-guest) entered at Mon Feb 26 08:51:56 2001 (open)
thrace (guest) entered at Sun Mar  4 23:21:42 2001 (open)
rhasper (non-guest) entered at Sun Mar  4 23:22:02 2001 (open)
rhasper (non-guest) entered at Mon Mar  5 21:00:50 2001 (open)
aladriel (non-guest) entered at Mon Mar  5 22:41:00 2001 (open)
tritoch (non-guest) entered at Wed Mar  7 22:16:05 2001 (open)
glen (non-guest) entered at Thu Mar  8 11:37:38 2001 (open)
tritoch (non-guest) entered at Mon Mar 12 13:23:44 2001 (open)
glen (non-guest) entered at Mon Mar 12 20:08:27 2001 (open)
glen (non-guest) entered at Mon Mar 12 20:08:44 2001 (open)
glen (non-guest) entered at Mon Mar 12 20:08:44 2001 (open)
glen (non-guest) entered at Mon Mar 12 20:08:56 2001 (open)
glen (non-guest) entered at Mon Mar 12 20:09:18 2001 (open)
tritoch (non-guest) entered at Wed Mar 21 16:46:20 2001 (open)
tritoch (non-guest) entered at Wed Mar 21 17:01:52 2001 (open)
tritoch (non-guest) entered at Wed Mar 21 20:39:03 2001 (open)
tritoch (non-guest) entered at Wed Mar 21 21:18:52 2001 (open)
tritoch (non-guest) entered at Thu Mar 22 11:58:56 2001 (open)
tritoch (non-guest) entered at Fri Mar 23 10:36:25 2001 (open)
glen (non-guest) entered at Sun Apr  1 23:32:08 2001 (open)
helios (non-guest) entered at Tue Apr  3 16:57:33 2001 (open)
aladriel (non-guest) entered at Mon Apr 16 17:21:53 2001 (open)
thark (non-guest) entered at Sat Apr 21 23:00:51 2001 (open)
aladriel (non-guest) entered at Tue Apr 24 12:25:48 2001 (open)
tritoch (non-guest) entered at Wed Apr 25 20:15:45 2001 (open)
tritoch (non-guest) entered at Wed Apr 25 20:21:47 2001 (open)
aladriel (non-guest) entered at Sun Apr 29 15:29:11 2001 (open)
aladriel (non-guest) entered at Wed May  9 22:17:33 2001 (open)
aladriel (non-guest) entered at Wed May  9 22:18:52 2001 (open)
aladriel (non-guest) entered at Thu May 10 23:29:39 2001 (open)
aladriel (non-guest) entered at Wed May 16 20:12:36 2001 (open)
aladriel (non-guest) entered at Wed May 16 21:11:09 2001 (open)
aladriel (non-guest) entered at Thu May 24 12:10:51 2001 (open)
tritoch (non-guest) entered at Thu May 24 22:13:59 2001 (open)
tritoch (non-guest) entered at Thu May 24 22:27:52 2001 (open)
tritoch (non-guest) entered at Fri May 25 02:30:10 2001 (open)
thrace (guest) entered at Sun Jun  3 16:43:25 2001 (open)
triskadekta (non-guest) entered at Tue Jun 19 21:27:26 2001 (open)
aladriel (non-guest) entered at Tue Jun 19 22:45:23 2001 (open)
aladriel (non-guest) entered at Tue Jun 19 22:58:20 2001 (open)
aladriel (non-guest) entered at Tue Jun 19 23:19:17 2001 (open)
aladriel (non-guest) entered at Tue Jun 19 23:59:25 2001 (open)
aladriel (non-guest) entered at Wed Jun 20 00:59:59 2001 (open)
aladriel (non-guest) entered at Wed Jun 20 21:55:54 2001 (open)
ophelia (non-guest) entered at Wed Jun 20 21:59:42 2001 (open)
thrace (guest) entered at Thu Jun 21 10:38:44 2001 (open)
glen (non-guest) entered at Sun Jun 24 17:44:19 2001 (open)
ophelia (non-guest) entered at Mon Jul  9 12:00:05 2001 (open)
ophelia (non-guest) entered at Fri Jul 13 13:12:09 2001 (open)
thrace (guest) entered at Sun Jul 15 19:44:20 2001 (open)
thrace (guest) entered at Thu Jul 19 21:00:17 2001 (open)
thrace (guest) entered at Fri Jul 20 10:01:45 2001 (open)
stoney (non-guest) entered at Wed Aug  1 17:28:59 2001 (open)
stoney (non-guest) entered at Wed Aug  1 18:57:50 2001 (open)
stoney (non-guest) entered at Wed Aug  1 18:58:18 2001 (open)
stoney (non-guest) entered at Thu Aug  2 08:37:57 2001 (open)
ophelia (non-guest) entered at Mon Aug 13 17:15:07 2001 (open)
ruck (non-guest) entered at Mon Aug 13 17:37:40 2001 (open)
glen (non-guest) entered at Sat Aug 25 19:43:03 2001 (open)
ophelia (non-guest) entered at Sun Sep  9 09:55:48 2001 (open)
ophelia (non-guest) entered at Sun Dec  2 12:30:03 2001 (open)
night (non-guest) entered at Thu Dec 27 22:57:04 2001 (open)
night (non-guest) entered at Thu Dec 27 22:57:38 2001 (open)
